DEBUG main HelloWorld.MainClass - 调试信息
INFO main HelloWorld.MainClass - 输出信息
WARN main HelloWorld.MainClass - 警告信息
ERROR main HelloWorld.MainClass - 错误信息
FATAL main HelloWorld.MainClass - 致命信息
DEBUG main HelloWorld.MainClass - 调试信息
INFO main HelloWorld.MainClass - 输出信息
WARN main HelloWorld.MainClass - 警告信息
ERROR main HelloWorld.MainClass - 错误信息
FATAL main HelloWorld.MainClass - 致命信息
DEBUG main HelloWorld.MainClass - 调试信息
INFO main HelloWorld.MainClass - 输出信息
WARN main HelloWorld.MainClass - 警告信息
ERROR main HelloWorld.MainClass - 错误信息
FATAL main HelloWorld.MainClass - 致命信息
DEBUG main HelloWorld.MainClass - 调试信息
INFO main HelloWorld.MainClass - 输出信息
WARN main HelloWorld.MainClass - 警告信息
ERROR main HelloWorld.MainClass - 错误信息
FATAL main HelloWorld.MainClass - 致命信息
DEBUG main HelloWorld.MainClass - 调试信息
INFO main HelloWorld.MainClass - 输出信息
WARN main HelloWorld.MainClass - 警告信息
ERROR main HelloWorld.MainClass - 错误信息
FATAL main HelloWorld.MainClass - 致命信息
